MagTrainingBulkUpload2/build/intermediates/manifest_merge_blame_file/debug/manifest-merger-blame-debug-report.txt
1<?xml version="1.0" encoding="utf-8"?>
2<manifest xmlns:android="http://schemas.android.com/apk/res/android"
3    package="com.brcm.apim.app_b"
4    android:sharedUserId="com.brcm.mas.singlesignonsample.shared"
5    android:sharedUserLabel="@string/sharedUserLabel"
6    android:versionCode="1"
7    android:versionName="1.0" >
8
9    <uses-sdk
10        android:minSdkVersion="19"
10-->src/main/AndroidManifest.xml
11        android:targetSdkVersion="29" />
11-->src/main/AndroidManifest.xml
12
13    <uses-permission android:name="android.permission.ACCESS_COARSE_LOCATION" />
13-->src/main/AndroidManifest.xml:7:5-80
13-->src/main/AndroidManifest.xml:7:22-78
14    <uses-permission android:name="android.permission.READ_PHONE_STATE" />
14-->src/main/AndroidManifest.xml:8:5-74
14-->src/main/AndroidManifest.xml:8:22-72
15    <uses-permission android:name="android.permission.ACCESS_FINE_LOCATION" />
15-->src/main/AndroidManifest.xml:9:5-79
15-->src/main/AndroidManifest.xml:9:22-76
16    <uses-permission android:name="android.permission.BLUETOOTH" />
16-->src/main/AndroidManifest.xml:10:5-68
16-->src/main/AndroidManifest.xml:10:22-65
17    <uses-permission android:name="android.permission.BLUETOOTH_ADMIN" />
17-->src/main/AndroidManifest.xml:11:5-74
17-->src/main/AndroidManifest.xml:11:22-71
18    <uses-permission android:name="android.permission.INTERNET" />
18-->src/main/AndroidManifest.xml:12:5-67
18-->src/main/AndroidManifest.xml:12:22-64
19    <uses-permission android:name="android.permission.NFC" />
19-->src/main/AndroidManifest.xml:13:5-62
19-->src/main/AndroidManifest.xml:13:22-59
20    <uses-permission
20-->[com.ca.mas.core:mas-foundation-release:] AndroidManifest.xml:18:5-20:38
21        android:name="android.permission.AUTHENTICATE_ACCOUNTS"
21-->[com.ca.mas.core:mas-foundation-release:] AndroidManifest.xml:19:9-64
22        android:maxSdkVersion="22" />
22-->[com.ca.mas.core:mas-foundation-release:] AndroidManifest.xml:20:9-35
23    <uses-permission
23-->[com.ca.mas.core:mas-foundation-release:] AndroidManifest.xml:21:5-23:38
24        android:name="android.permission.GET_ACCOUNTS"
24-->[com.ca.mas.core:mas-foundation-release:] AndroidManifest.xml:22:9-55
25        android:maxSdkVersion="22" />
25-->[com.ca.mas.core:mas-foundation-release:] AndroidManifest.xml:23:9-35
26    <uses-permission android:name="android.permission.WAKE_LOCK" />
26-->[com.ca.mas.core:mas-foundation-release:] AndroidManifest.xml:25:5-68
26-->[com.ca.mas.core:mas-foundation-release:] AndroidManifest.xml:25:22-65
27
28    <application
28-->src/main/AndroidManifest.xml:15:5-42:19
29        android:allowBackup="true"
29-->src/main/AndroidManifest.xml:16:9-35
30        android:appComponentFactory="androidx.core.app.CoreComponentFactory"
30-->[androidx.core:core:1.1.0] AndroidManifest.xml:24:18-86
31        android:debuggable="true"
32        android:icon="@mipmap/ic_launcher"
32-->src/main/AndroidManifest.xml:17:9-43
33        android:label="@string/app_name"
33-->src/main/AndroidManifest.xml:18:9-41
34        android:roundIcon="@mipmap/ic_launcher_round"
34-->src/main/AndroidManifest.xml:19:9-54
35        android:supportsRtl="true"
35-->src/main/AndroidManifest.xml:20:9-35
36        android:theme="@style/AppTheme" >
36-->src/main/AndroidManifest.xml:21:9-40
37        <activity android:name="com.brcm.apim.app_b.MainActivity" >
37-->src/main/AndroidManifest.xml:22:9-28:20
37-->src/main/AndroidManifest.xml:22:19-47
38            <intent-filter>
38-->src/main/AndroidManifest.xml:23:13-27:29
39                <action android:name="android.intent.action.MAIN" />
39-->src/main/AndroidManifest.xml:24:17-69
39-->src/main/AndroidManifest.xml:24:25-66
40
41                <category android:name="android.intent.category.LAUNCHER" />
41-->src/main/AndroidManifest.xml:26:17-77
41-->src/main/AndroidManifest.xml:26:27-74
42            </intent-filter>
43        </activity>
44
45        <service
45-->src/main/AndroidManifest.xml:29:9-41:19
46            android:name="com.ca.mas.core.storage.sharedstorage.MASAuthenticatorService"
46-->src/main/AndroidManifest.xml:30:13-89
47            android:exported="false" >
47-->src/main/AndroidManifest.xml:31:13-37
48            <intent-filter>
48-->src/main/AndroidManifest.xml:32:13-34:29
49                <action android:name="android.accounts.AccountAuthenticator" />
49-->src/main/AndroidManifest.xml:33:17-80
49-->src/main/AndroidManifest.xml:33:25-77
50            </intent-filter>
51
52            <meta-data
52-->src/main/AndroidManifest.xml:35:13-37:55
53                android:name="account.name"
53-->src/main/AndroidManifest.xml:36:17-44
54                android:resource="@string/acc_name" />
54-->src/main/AndroidManifest.xml:37:17-52
55            <meta-data
55-->src/main/AndroidManifest.xml:38:13-40:57
56                android:name="android.accounts.AccountAuthenticator"
56-->src/main/AndroidManifest.xml:39:17-69
57                android:resource="@xml/authenticator" />
57-->src/main/AndroidManifest.xml:40:17-54
58        </service>
59        <service
59-->[com.ca.mas.core:mas-foundation-release:] AndroidManifest.xml:30:9-33:72
60            android:name="com.ca.mas.core.service.MssoService"
60-->[com.ca.mas.core:mas-foundation-release:] AndroidManifest.xml:31:13-63
61            android:exported="false"
61-->[com.ca.mas.core:mas-foundation-release:] AndroidManifest.xml:32:13-37
62            android:permission="android.permission.BIND_JOB_SERVICE" />
62-->[com.ca.mas.core:mas-foundation-release:] AndroidManifest.xml:33:13-69
63
64        <activity
64-->[com.ca.mas.ui:masui-release:] AndroidManifest.xml:23:9-26:54
65            android:name="com.ca.mas.ui.MASEnterpriseWebApplicationActivity"
65-->[com.ca.mas.ui:masui-release:] AndroidManifest.xml:24:13-77
66            android:exported="false"
66-->[com.ca.mas.ui:masui-release:] AndroidManifest.xml:25:13-37
67            android:theme="@style/Theme.AppCompat" />
67-->[com.ca.mas.ui:masui-release:] AndroidManifest.xml:26:13-51
68        <activity
68-->[com.ca.mas.ui:masui-release:] AndroidManifest.xml:27:9-36:20
69            android:name="com.ca.mas.ui.MASSessionUnlockActivity"
69-->[com.ca.mas.ui:masui-release:] AndroidManifest.xml:28:13-66
70            android:exported="false"
70-->[com.ca.mas.ui:masui-release:] AndroidManifest.xml:29:13-37
71            android:theme="@style/Theme.AppCompat.Light.NoActionBar" >
71-->[com.ca.mas.ui:masui-release:] AndroidManifest.xml:30:13-69
72            <intent-filter>
72-->[com.ca.mas.ui:masui-release:] AndroidManifest.xml:31:13-35:29
73                <action android:name="MASUI.intent.action.SessionUnlock" />
73-->[com.ca.mas.ui:masui-release:] AndroidManifest.xml:32:17-76
73-->[com.ca.mas.ui:masui-release:] AndroidManifest.xml:32:25-73
74
75                <category android:name="android.intent.category.DEFAULT" />
75-->[com.ca.mas.ui:masui-release:] AndroidManifest.xml:34:17-76
75-->[com.ca.mas.ui:masui-release:] AndroidManifest.xml:34:27-73
76            </intent-filter>
77        </activity>
78        <activity android:name="net.openid.appauth.RedirectUriReceiverActivity" >
78-->[com.ca.mas.ui:masui-release:] AndroidManifest.xml:37:9-56:20
78-->[com.ca.mas.ui:masui-release:] AndroidManifest.xml:38:13-74
79            <intent-filter>
79-->[com.ca.mas.ui:masui-release:] AndroidManifest.xml:40:13-47:29
80                <action android:name="android.intent.action.VIEW" />
80-->[com.ca.mas.ui:masui-release:] AndroidManifest.xml:41:17-69
80-->[com.ca.mas.ui:masui-release:] AndroidManifest.xml:41:25-66
81
82                <category android:name="android.intent.category.DEFAULT" />
82-->[com.ca.mas.ui:masui-release:] AndroidManifest.xml:34:17-76
82-->[com.ca.mas.ui:masui-release:] AndroidManifest.xml:34:27-73
83                <category android:name="android.intent.category.BROWSABLE" />
83-->[com.ca.mas.ui:masui-release:] AndroidManifest.xml:44:17-78
83-->[com.ca.mas.ui:masui-release:] AndroidManifest.xml:44:27-75
84
85                <data android:scheme="camsso" />
85-->[com.ca.mas.ui:masui-release:] AndroidManifest.xml:46:17-49
85-->[com.ca.mas.ui:masui-release:] AndroidManifest.xml:46:23-46
86            </intent-filter>
87            <intent-filter>
87-->[com.ca.mas.ui:masui-release:] AndroidManifest.xml:48:13-55:29
88                <action android:name="android.intent.action.VIEW" />
88-->[com.ca.mas.ui:masui-release:] AndroidManifest.xml:41:17-69
88-->[com.ca.mas.ui:masui-release:] AndroidManifest.xml:41:25-66
89
90                <category android:name="android.intent.category.DEFAULT" />
90-->[com.ca.mas.ui:masui-release:] AndroidManifest.xml:34:17-76
90-->[com.ca.mas.ui:masui-release:] AndroidManifest.xml:34:27-73
91                <category android:name="android.intent.category.BROWSABLE" />
91-->[com.ca.mas.ui:masui-release:] AndroidManifest.xml:44:17-78
91-->[com.ca.mas.ui:masui-release:] AndroidManifest.xml:44:27-75
92
93                <data android:scheme="camssoras" />
93-->[com.ca.mas.ui:masui-release:] AndroidManifest.xml:46:17-49
93-->[com.ca.mas.ui:masui-release:] AndroidManifest.xml:46:23-46
94            </intent-filter>
95        </activity>
96        <activity
96-->[com.ca.mas.ui:masui-release:] AndroidManifest.xml:57:9-60:72
97            android:name="com.ca.mas.ui.MASOAuthRedirectActivity"
97-->[com.ca.mas.ui:masui-release:] AndroidManifest.xml:58:13-66
98            android:exported="false"
98-->[com.ca.mas.ui:masui-release:] AndroidManifest.xml:59:13-37
99            android:theme="@style/Theme.AppCompat.Light.NoActionBar" />
99-->[com.ca.mas.ui:masui-release:] AndroidManifest.xml:60:13-69
100        <activity
100-->[com.ca.mas.ui:masui-release:] AndroidManifest.xml:61:9-63:60
101            android:name="com.ca.mas.ui.MASAppAuthRedirectHandlerActivity"
101-->[com.ca.mas.ui:masui-release:] AndroidManifest.xml:62:13-75
102            android:theme="@style/Theme.AppCompat.Light" />
102-->[com.ca.mas.ui:masui-release:] AndroidManifest.xml:63:13-57
103        <activity android:name="com.ca.mas.ui.MASFinishActivity" />
103-->[com.ca.mas.ui:masui-release:] AndroidManifest.xml:64:9-68
103-->[com.ca.mas.ui:masui-release:] AndroidManifest.xml:64:19-65
104        <activity
104-->[com.ca.mas.ui:masui-release:] AndroidManifest.xml:65:9-69:60
105            android:name="com.ca.mas.ui.MASLoginActivity"
105-->[com.ca.mas.ui:masui-release:] AndroidManifest.xml:66:13-58
106            android:exported="false"
106-->[com.ca.mas.ui:masui-release:] AndroidManifest.xml:67:13-37
107            android:launchMode="singleTop"
107-->[com.ca.mas.ui:masui-release:] AndroidManifest.xml:68:13-43
108            android:theme="@style/Theme.AppCompat.Light" />
108-->[com.ca.mas.ui:masui-release:] AndroidManifest.xml:69:13-57
109        <activity
109-->[com.ca.mas.ui:masui-release:] AndroidManifest.xml:70:9-74:67
110            android:name="com.ca.mas.ui.otp.MASOtpActivity"
110-->[com.ca.mas.ui:masui-release:] AndroidManifest.xml:71:13-60
111            android:exported="false"
111-->[com.ca.mas.ui:masui-release:] AndroidManifest.xml:72:13-37
112            android:launchMode="singleTop"
112-->[com.ca.mas.ui:masui-release:] AndroidManifest.xml:73:13-43
113            android:theme="@style/Theme.AppCompat.Light.Dialog" />
113-->[com.ca.mas.ui:masui-release:] AndroidManifest.xml:74:13-64
114        <activity
114-->[net.openid:appauth:0.7.0] AndroidManifest.xml:27:9-31:75
115            android:name="net.openid.appauth.AuthorizationManagementActivity"
115-->[net.openid:appauth:0.7.0] AndroidManifest.xml:28:13-78
116            android:exported="false"
116-->[net.openid:appauth:0.7.0] AndroidManifest.xml:29:13-37
117            android:launchMode="singleTask"
117-->[net.openid:appauth:0.7.0] AndroidManifest.xml:30:13-44
118            android:theme="@android:style/Theme.Translucent.NoTitleBar" />
118-->[net.openid:appauth:0.7.0] AndroidManifest.xml:31:13-72
119    </application>
120
121</manifest>